0 info it worked if it ends with ok
1 verbose cli [ 'c:\\Program Files\\nodejs\\node.exe',
1 verbose cli   'c:\\Program Files\\nodejs\\node_modules\\npm\\bin\\npm-cli.js',
1 verbose cli   'i',
1 verbose cli   'bcrypt' ]
2 info using npm@2.14.4
3 info using node@v4.1.1
4 verbose install initial load of c:\Users\SoftICastle6\Desktop\gwa\package.json
5 warn package.json gwazoo@1.0.0 No repository field.
6 warn package.json gwazoo@1.0.0 No license field.
7 verbose installManyTop reading scoped package data from c:\Users\SoftICastle6\Desktop\gwa\node_modules\body-parser\package.json
8 verbose installManyTop reading scoped package data from c:\Users\SoftICastle6\Desktop\gwa\node_modules\connect\package.json
9 verbose installManyTop reading scoped package data from c:\Users\SoftICastle6\Desktop\gwa\node_modules\express\package.json
10 verbose installManyTop reading scoped package data from c:\Users\SoftICastle6\Desktop\gwa\node_modules\express-rewrite\package.json
11 verbose installManyTop reading scoped package data from c:\Users\SoftICastle6\Desktop\gwa\node_modules\express-session\package.json
12 verbose installManyTop reading scoped package data from c:\Users\SoftICastle6\Desktop\gwa\node_modules\karma\package.json
13 verbose installManyTop reading scoped package data from c:\Users\SoftICastle6\Desktop\gwa\node_modules\passport\package.json
14 verbose installManyTop reading scoped package data from c:\Users\SoftICastle6\Desktop\gwa\node_modules\passport-local\package.json
15 verbose installManyTop reading scoped package data from c:\Users\SoftICastle6\Desktop\gwa\node_modules\protractor\package.json
16 verbose installManyTop reading scoped package data from c:\Users\SoftICastle6\Desktop\gwa\node_modules\q\package.json
17 verbose installManyTop reading scoped package data from c:\Users\SoftICastle6\Desktop\gwa\node_modules\rethinkdb\package.json
18 verbose installManyTop reading scoped package data from c:\Users\SoftICastle6\Desktop\gwa\node_modules\thinky\package.json
19 info package.json q@1.4.1 license should be a valid SPDX license expression
20 info package.json passport-local@1.0.0 No license field.
21 info package.json express-rewrite@0.0.4 No license field.
22 info package.json rethinkdb@2.1.1 No license field.
23 verbose readDependencies loading dependencies from c:\Users\SoftICastle6\Desktop\gwa\package.json
24 silly cache add args [ 'bcrypt@^0.8.5', null ]
25 verbose cache add spec bcrypt@^0.8.5
26 silly cache add parsed spec Result {
26 silly cache add   raw: 'bcrypt@^0.8.5',
26 silly cache add   scope: null,
26 silly cache add   name: 'bcrypt',
26 silly cache add   rawSpec: '^0.8.5',
26 silly cache add   spec: '>=0.8.5 <0.9.0',
26 silly cache add   type: 'range' }
27 silly addNamed bcrypt@>=0.8.5 <0.9.0
28 verbose addNamed ">=0.8.5 <0.9.0" is a valid semver range for bcrypt
29 silly addNameRange { name: 'bcrypt', range: '>=0.8.5 <0.9.0', hasData: false }
30 silly mapToRegistry name bcrypt
31 silly mapToRegistry using default registry
32 silly mapToRegistry registry https://registry.npmjs.org/
33 silly mapToRegistry uri https://registry.npmjs.org/bcrypt
34 verbose addNameRange registry:https://registry.npmjs.org/bcrypt not in flight; fetching
35 verbose request uri https://registry.npmjs.org/bcrypt
36 verbose request no auth needed
37 info attempt registry request try #1 at 9:58:50 AM
38 verbose request id d6828302c1dff21b
39 verbose etag "2SIZ6HDILW3EZ37TCLKYBPSJM"
40 http request GET https://registry.npmjs.org/bcrypt
41 http 200 https://registry.npmjs.org/bcrypt
42 silly get cb [ 200,
42 silly get   { server: 'CouchDB/1.5.0 (Erlang OTP/R16B03)',
42 silly get     etag: '"AOZDTL0PHYHSXTKBUOOSUBLRP"',
42 silly get     'content-type': 'application/json',
42 silly get     'cache-control': 'max-age=60',
42 silly get     'content-length': '74161',
42 silly get     'accept-ranges': 'bytes',
42 silly get     date: 'Thu, 01 Oct 2015 15:58:50 GMT',
42 silly get     via: '1.1 varnish',
42 silly get     age: '0',
42 silly get     connection: 'keep-alive',
42 silly get     'x-served-by': 'cache-sjc3131-SJC',
42 silly get     'x-cache': 'HIT',
42 silly get     'x-cache-hits': '1',
42 silly get     'x-timer': 'S1443715130.571746,VS0,VE153',
42 silly get     vary: 'Accept' } ]
43 verbose get saving bcrypt to C:\Users\SoftICastle6\AppData\Roaming\npm-cache\registry.npmjs.org\bcrypt\.cache.json
44 silly addNameRange number 2 { name: 'bcrypt', range: '>=0.8.5 <0.9.0', hasData: true }
45 silly addNameRange versions [ 'bcrypt',
45 silly addNameRange   [ '0.1.2',
45 silly addNameRange     '0.2.0',
45 silly addNameRange     '0.2.1',
45 silly addNameRange     '0.1.3',
45 silly addNameRange     '0.2.2',
45 silly addNameRange     '0.2.3',
45 silly addNameRange     '0.2.4',
45 silly addNameRange     '0.3.0',
45 silly addNameRange     '0.3.1',
45 silly addNameRange     '0.3.2',
45 silly addNameRange     '0.4.0',
45 silly addNameRange     '0.4.1',
45 silly addNameRange     '0.5.0',
45 silly addNameRange     '0.6.0',
45 silly addNameRange     '0.7.0',
45 silly addNameRange     '0.7.1',
45 silly addNameRange     '0.7.2',
45 silly addNameRange     '0.7.3',
45 silly addNameRange     '0.7.4',
45 silly addNameRange     '0.7.5',
45 silly addNameRange     '0.7.6',
45 silly addNameRange     '0.7.7',
45 silly addNameRange     '0.7.8',
45 silly addNameRange     '0.8.0',
45 silly addNameRange     '0.8.1',
45 silly addNameRange     '0.8.2',
45 silly addNameRange     '0.8.3',
45 silly addNameRange     '0.8.4',
45 silly addNameRange     '0.8.5' ] ]
46 silly addNamed bcrypt@0.8.5
47 verbose addNamed "0.8.5" is a plain semver version for bcrypt
48 silly cache afterAdd bcrypt@0.8.5
49 verbose afterAdd C:\Users\SoftICastle6\AppData\Roaming\npm-cache\bcrypt\0.8.5\package\package.json not in flight; writing
50 verbose afterAdd C:\Users\SoftICastle6\AppData\Roaming\npm-cache\bcrypt\0.8.5\package\package.json written
51 silly install resolved [ { name: 'bcrypt',
51 silly install resolved     description: 'A bcrypt library for NodeJS.',
51 silly install resolved     keywords:
51 silly install resolved      [ 'bcrypt',
51 silly install resolved        'password',
51 silly install resolved        'auth',
51 silly install resolved        'authentication',
51 silly install resolved        'encryption',
51 silly install resolved        'crypt',
51 silly install resolved        'crypto' ],
51 silly install resolved     main: './bcrypt',
51 silly install resolved     version: '0.8.5',
51 silly install resolved     author: { name: 'Nick Campbell', url: 'https://github.com/ncb000gt' },
51 silly install resolved     engines: { node: '>= 0.6.0' },
51 silly install resolved     repository:
51 silly install resolved      { type: 'git',
51 silly install resolved        url: 'git+https://github.com/ncb000gt/node.bcrypt.js.git' },
51 silly install resolved     license: 'MIT',
51 silly install resolved     bugs: { url: 'https://github.com/ncb000gt/node.bcrypt.js/issues' },
51 silly install resolved     scripts:
51 silly install resolved      { test: 'node-gyp configure build && nodeunit test',
51 silly install resolved        install: 'node-gyp rebuild' },
51 silly install resolved     dependencies: { bindings: '1.2.1', nan: '2.0.5' },
51 silly install resolved     devDependencies: { nodeunit: '~0.9.1' },
51 silly install resolved     contributors:
51 silly install resolved      [ [Object],
51 silly install resolved        [Object],
51 silly install resolved        [Object],
51 silly install resolved        [Object],
51 silly install resolved        [Object],
51 silly install resolved        [Object],
51 silly install resolved        [Object],
51 silly install resolved        [Object],
51 silly install resolved        [Object],
51 silly install resolved        [Object],
51 silly install resolved        [Object],
51 silly install resolved        [Object],
51 silly install resolved        [Object],
51 silly install resolved        [Object] ],
51 silly install resolved     gypfile: true,
51 silly install resolved     gitHead: '5d97708f06754d7d7989c67ba867002d10013615',
51 silly install resolved     homepage: 'https://github.com/ncb000gt/node.bcrypt.js#readme',
51 silly install resolved     _id: 'bcrypt@0.8.5',
51 silly install resolved     _shasum: '8e5b81b4db80e944f440005979ca8d58a961861d',
51 silly install resolved     _from: 'bcrypt@>=0.8.5 <0.9.0',
51 silly install resolved     _npmVersion: '2.13.3',
51 silly install resolved     _nodeVersion: '3.0.0',
51 silly install resolved     _npmUser: { name: 'defunctzombie', email: 'shtylman@gmail.com' },
51 silly install resolved     dist:
51 silly install resolved      { shasum: '8e5b81b4db80e944f440005979ca8d58a961861d',
51 silly install resolved        tarball: 'http://registry.npmjs.org/bcrypt/-/bcrypt-0.8.5.tgz' },
51 silly install resolved     maintainers: [ [Object], [Object], [Object], [Object] ],
51 silly install resolved     directories: {},
51 silly install resolved     _resolved: 'https://registry.npmjs.org/bcrypt/-/bcrypt-0.8.5.tgz',
51 silly install resolved     readme: 'ERROR: No README data found!' } ]
52 info install bcrypt@0.8.5 into c:\Users\SoftICastle6\Desktop\gwa
53 info installOne bcrypt@0.8.5
54 verbose installOne of bcrypt to c:\Users\SoftICastle6\Desktop\gwa not in flight; installing
55 verbose lock using C:\Users\SoftICastle6\AppData\Roaming\npm-cache\_locks\bcrypt-f321242a9f18c2c1.lock for c:\Users\SoftICastle6\Desktop\gwa\node_modules\bcrypt
56 silly install write writing bcrypt 0.8.5 to c:\Users\SoftICastle6\Desktop\gwa\node_modules\bcrypt
57 verbose unbuild node_modules\bcrypt
58 silly gentlyRm c:\Users\SoftICastle6\Desktop\gwa\node_modules\bcrypt is being purged from base c:\Users\SoftICastle6\Desktop\gwa
59 verbose gentlyRm don't care about contents; nuking c:\Users\SoftICastle6\Desktop\gwa\node_modules\bcrypt
60 verbose tar unpack C:\Users\SoftICastle6\AppData\Roaming\npm-cache\bcrypt\0.8.5\package.tgz
61 verbose tar unpacking to c:\Users\SoftICastle6\Desktop\gwa\node_modules\bcrypt
62 silly gentlyRm c:\Users\SoftICastle6\Desktop\gwa\node_modules\bcrypt is being purged
63 verbose gentlyRm don't care about contents; nuking c:\Users\SoftICastle6\Desktop\gwa\node_modules\bcrypt
64 silly gunzTarPerm modes [ '777', '666' ]
65 silly gunzTarPerm extractEntry package.json
66 silly gunzTarPerm modified mode [ 'package.json', 420, 438 ]
67 silly gunzTarPerm extractEntry .npmignore
68 silly gunzTarPerm modified mode [ '.npmignore', 420, 438 ]
69 silly gunzTarPerm extractEntry README.md
70 silly gunzTarPerm modified mode [ 'README.md', 420, 438 ]
71 silly gunzTarPerm extractEntry LICENSE
72 silly gunzTarPerm modified mode [ 'LICENSE', 420, 438 ]
73 silly gunzTarPerm extractEntry bcrypt.js
74 silly gunzTarPerm modified mode [ 'bcrypt.js', 420, 438 ]
75 silly gunzTarPerm extractEntry binding.gyp
76 silly gunzTarPerm modified mode [ 'binding.gyp', 420, 438 ]
77 silly gunzTarPerm extractEntry .travis.yml
78 silly gunzTarPerm modified mode [ '.travis.yml', 420, 438 ]
79 silly gunzTarPerm extractEntry CHANGELOG.md
80 silly gunzTarPerm modified mode [ 'CHANGELOG.md', 420, 438 ]
81 silly gunzTarPerm extractEntry examples/async_compare.js
82 silly gunzTarPerm modified mode [ 'examples/async_compare.js', 420, 438 ]
83 silly gunzTarPerm extractEntry examples/forever_gen_salt.js
84 silly gunzTarPerm modified mode [ 'examples/forever_gen_salt.js', 420, 438 ]
85 silly gunzTarPerm extractEntry test/async.js
86 silly gunzTarPerm modified mode [ 'test/async.js', 420, 438 ]
87 silly gunzTarPerm extractEntry test/repetitions.js
88 silly gunzTarPerm modified mode [ 'test/repetitions.js', 420, 438 ]
89 silly gunzTarPerm extractEntry test/sync.js
90 silly gunzTarPerm modified mode [ 'test/sync.js', 420, 438 ]
91 silly gunzTarPerm extractEntry Makefile
92 silly gunzTarPerm modified mode [ 'Makefile', 420, 438 ]
93 silly gunzTarPerm extractEntry src/bcrypt.cc
94 silly gunzTarPerm modified mode [ 'src/bcrypt.cc', 420, 438 ]
95 silly gunzTarPerm extractEntry src/bcrypt_node.cc
96 silly gunzTarPerm modified mode [ 'src/bcrypt_node.cc', 420, 438 ]
97 silly gunzTarPerm extractEntry src/blowfish.cc
98 silly gunzTarPerm modified mode [ 'src/blowfish.cc', 420, 438 ]
99 silly gunzTarPerm extractEntry src/node_blf.h
100 silly gunzTarPerm modified mode [ 'src/node_blf.h', 420, 438 ]
101 silly gunzTarPerm extractEntry werker.yml
102 silly gunzTarPerm modified mode [ 'werker.yml', 420, 438 ]
103 verbose write writing to c:\Users\SoftICastle6\Desktop\gwa\node_modules\bcrypt\package.json
104 info preinstall bcrypt@0.8.5
105 verbose readDependencies loading dependencies from c:\Users\SoftICastle6\Desktop\gwa\node_modules\bcrypt\package.json
106 silly prepareForInstallMany adding bindings@1.2.1 from bcrypt dependencies
107 silly prepareForInstallMany adding nan@2.0.5 from bcrypt dependencies
108 verbose readDependencies loading dependencies from c:\Users\SoftICastle6\Desktop\gwa\node_modules\bcrypt\package.json
109 silly cache add args [ 'bindings@1.2.1', null ]
110 verbose cache add spec bindings@1.2.1
111 silly cache add args [ 'nan@2.0.5', null ]
112 verbose cache add spec nan@2.0.5
113 silly cache add parsed spec Result {
113 silly cache add   raw: 'bindings@1.2.1',
113 silly cache add   scope: null,
113 silly cache add   name: 'bindings',
113 silly cache add   rawSpec: '1.2.1',
113 silly cache add   spec: '1.2.1',
113 silly cache add   type: 'version' }
114 silly addNamed bindings@1.2.1
115 verbose addNamed "1.2.1" is a plain semver version for bindings
116 silly mapToRegistry name bindings
117 silly mapToRegistry using default registry
118 silly mapToRegistry registry https://registry.npmjs.org/
119 silly mapToRegistry uri https://registry.npmjs.org/bindings
120 verbose addNameVersion registry:https://registry.npmjs.org/bindings not in flight; fetching
121 silly cache add parsed spec Result {
121 silly cache add   raw: 'nan@2.0.5',
121 silly cache add   scope: null,
121 silly cache add   name: 'nan',
121 silly cache add   rawSpec: '2.0.5',
121 silly cache add   spec: '2.0.5',
121 silly cache add   type: 'version' }
122 silly addNamed nan@2.0.5
123 verbose addNamed "2.0.5" is a plain semver version for nan
124 silly mapToRegistry name nan
125 silly mapToRegistry using default registry
126 silly mapToRegistry registry https://registry.npmjs.org/
127 silly mapToRegistry uri https://registry.npmjs.org/nan
128 verbose addNameVersion registry:https://registry.npmjs.org/nan not in flight; fetching
129 verbose request uri https://registry.npmjs.org/bindings
130 verbose request no auth needed
131 info attempt registry request try #1 at 9:58:51 AM
132 verbose etag "547Q3C60W4DUGPOZ65YOO6930"
133 http request GET https://registry.npmjs.org/bindings
134 verbose request uri https://registry.npmjs.org/nan
135 verbose request no auth needed
136 info attempt registry request try #1 at 9:58:51 AM
137 verbose etag "1L4RU1AM541YSVP1YQFXG1Y1J"
138 http request GET https://registry.npmjs.org/nan
139 http 304 https://registry.npmjs.org/bindings
140 silly get cb [ 304,
140 silly get   { date: 'Thu, 01 Oct 2015 15:58:51 GMT',
140 silly get     via: '1.1 varnish',
140 silly get     'cache-control': 'max-age=60',
140 silly get     etag: '"547Q3C60W4DUGPOZ65YOO6930"',
140 silly get     age: '60',
140 silly get     connection: 'keep-alive',
140 silly get     'x-served-by': 'cache-sjc3121-SJC',
140 silly get     'x-cache': 'HIT',
140 silly get     'x-cache-hits': '1',
140 silly get     'x-timer': 'S1443715131.141771,VS0,VE0',
140 silly get     vary: 'Accept' } ]
141 verbose etag https://registry.npmjs.org/bindings from cache
142 verbose get saving bindings to C:\Users\SoftICastle6\AppData\Roaming\npm-cache\registry.npmjs.org\bindings\.cache.json
143 http 304 https://registry.npmjs.org/nan
144 silly get cb [ 304,
144 silly get   { date: 'Thu, 01 Oct 2015 15:58:51 GMT',
144 silly get     via: '1.1 varnish',
144 silly get     'cache-control': 'max-age=60',
144 silly get     etag: '"1L4RU1AM541YSVP1YQFXG1Y1J"',
144 silly get     age: '31',
144 silly get     connection: 'keep-alive',
144 silly get     'x-served-by': 'cache-sjc3124-SJC',
144 silly get     'x-cache': 'HIT',
144 silly get     'x-cache-hits': '1',
144 silly get     'x-timer': 'S1443715131.164053,VS0,VE1',
144 silly get     vary: 'Accept' } ]
145 verbose etag https://registry.npmjs.org/nan from cache
146 verbose get saving nan to C:\Users\SoftICastle6\AppData\Roaming\npm-cache\registry.npmjs.org\nan\.cache.json
147 silly cache afterAdd bindings@1.2.1
148 verbose afterAdd C:\Users\SoftICastle6\AppData\Roaming\npm-cache\bindings\1.2.1\package\package.json not in flight; writing
149 verbose afterAdd C:\Users\SoftICastle6\AppData\Roaming\npm-cache\bindings\1.2.1\package\package.json written
150 silly cache afterAdd nan@2.0.5
151 verbose afterAdd C:\Users\SoftICastle6\AppData\Roaming\npm-cache\nan\2.0.5\package\package.json not in flight; writing
152 verbose afterAdd C:\Users\SoftICastle6\AppData\Roaming\npm-cache\nan\2.0.5\package\package.json written
153 silly install resolved [ { name: 'bindings',
153 silly install resolved     description: 'Helper module for loading your native module\'s .node file',
153 silly install resolved     keywords: [ 'native', 'addon', 'bindings', 'gyp', 'waf', 'c', 'c++' ],
153 silly install resolved     version: '1.2.1',
153 silly install resolved     author:
153 silly install resolved      { name: 'Nathan Rajlich',
153 silly install resolved        email: 'nathan@tootallnate.net',
153 silly install resolved        url: 'http://tootallnate.net' },
153 silly install resolved     repository:
153 silly install resolved      { type: 'git',
153 silly install resolved        url: 'git://github.com/TooTallNate/node-bindings.git' },
153 silly install resolved     main: './bindings.js',
153 silly install resolved     bugs: { url: 'https://github.com/TooTallNate/node-bindings/issues' },
153 silly install resolved     homepage: 'https://github.com/TooTallNate/node-bindings',
153 silly install resolved     license: 'MIT',
153 silly install resolved     gitHead: 'e404152ee27f8478ccbc7122ee051246e8e5ec02',
153 silly install resolved     _id: 'bindings@1.2.1',
153 silly install resolved     scripts: {},
153 silly install resolved     _shasum: '14ad6113812d2d37d72e67b4cacb4bb726505f11',
153 silly install resolved     _from: 'bindings@1.2.1',
153 silly install resolved     _npmVersion: '1.4.14',
153 silly install resolved     _npmUser: { name: 'tootallnate', email: 'nathan@tootallnate.net' },
153 silly install resolved     maintainers: [ [Object], [Object] ],
153 silly install resolved     dist:
153 silly install resolved      { shasum: '14ad6113812d2d37d72e67b4cacb4bb726505f11',
153 silly install resolved        tarball: 'http://registry.npmjs.org/bindings/-/bindings-1.2.1.tgz' },
153 silly install resolved     directories: {},
153 silly install resolved     _resolved: 'https://registry.npmjs.org/bindings/-/bindings-1.2.1.tgz',
153 silly install resolved     readme: 'ERROR: No README data found!' },
153 silly install resolved   { name: 'nan',
153 silly install resolved     version: '2.0.5',
153 silly install resolved     description: 'Native Abstractions for Node.js: C++ header for Node 0.8->0.12 compatibility',
153 silly install resolved     main: 'include_dirs.js',
153 silly install resolved     repository: { type: 'git', url: 'git://github.com/nodejs/nan.git' },
153 silly install resolved     scripts:
153 silly install resolved      { test: 'tap --gc test/js/*-test.js',
153 silly install resolved        'rebuild-tests': 'pangyp rebuild --msvs_version=2013 --directory test',
153 silly install resolved        docs: 'doc/.build.sh' },
153 silly install resolved     contributors:
153 silly install resolved      [ [Object],
153 silly install resolved        [Object],
153 silly install resolved        [Object],
153 silly install resolved        [Object],
153 silly install resolved        [Object],
153 silly install resolved        [Object],
153 silly install resolved        [Object] ],
153 silly install resolved     devDependencies:
153 silly install resolved      { bindings: '~1.2.1',
153 silly install resolved        'node-gyp': '~2.0.2',
153 silly install resolved        pangyp: '~2.2.0',
153 silly install resolved        tap: '~0.7.1',
153 silly install resolved        xtend: '~4.0.0' },
153 silly install resolved     license: 'MIT',
153 silly install resolved     gitHead: 'd13a2e9ce762fd130877b53c71d35963fa2cf689',
153 silly install resolved     bugs: { url: 'https://github.com/nodejs/nan/issues' },
153 silly install resolved     homepage: 'https://github.com/nodejs/nan#readme',
153 silly install resolved     _id: 'nan@2.0.5',
153 silly install resolved     _shasum: '365888014be1fd178db0cbfa258edf7b0cb1c408',
153 silly install resolved     _from: 'nan@2.0.5',
153 silly install resolved     _npmVersion: '2.13.3',
153 silly install resolved     _nodeVersion: '3.0.0',
153 silly install resolved     _npmUser: { name: 'kkoopa', email: 'bbyholm@abo.fi' },
153 silly install resolved     maintainers: [ [Object], [Object] ],
153 silly install resolved     dist:
153 silly install resolved      { shasum: '365888014be1fd178db0cbfa258edf7b0cb1c408',
153 silly install resolved        tarball: 'http://registry.npmjs.org/nan/-/nan-2.0.5.tgz' },
153 silly install resolved     directories: {},
153 silly install resolved     _resolved: 'https://registry.npmjs.org/nan/-/nan-2.0.5.tgz',
153 silly install resolved     readme: 'ERROR: No README data found!' } ]
154 info install bindings@1.2.1 into c:\Users\SoftICastle6\Desktop\gwa\node_modules\bcrypt
155 info install nan@2.0.5 into c:\Users\SoftICastle6\Desktop\gwa\node_modules\bcrypt
156 info installOne bindings@1.2.1
157 verbose installOne of bindings to c:\Users\SoftICastle6\Desktop\gwa\node_modules\bcrypt not in flight; installing
158 info installOne nan@2.0.5
159 verbose installOne of nan to c:\Users\SoftICastle6\Desktop\gwa\node_modules\bcrypt not in flight; installing
160 verbose lock using C:\Users\SoftICastle6\AppData\Roaming\npm-cache\_locks\bindings-2af514093c2ee3c1.lock for c:\Users\SoftICastle6\Desktop\gwa\node_modules\bcrypt\node_modules\bindings
161 verbose lock using C:\Users\SoftICastle6\AppData\Roaming\npm-cache\_locks\nan-7c161f093ec13e7f.lock for c:\Users\SoftICastle6\Desktop\gwa\node_modules\bcrypt\node_modules\nan
162 silly install write writing bindings 1.2.1 to c:\Users\SoftICastle6\Desktop\gwa\node_modules\bcrypt\node_modules\bindings
163 silly install write writing nan 2.0.5 to c:\Users\SoftICastle6\Desktop\gwa\node_modules\bcrypt\node_modules\nan
164 verbose unbuild node_modules\bcrypt\node_modules\bindings
165 verbose unbuild node_modules\bcrypt\node_modules\nan
166 silly gentlyRm c:\Users\SoftICastle6\Desktop\gwa\node_modules\bcrypt\node_modules\bindings is being purged from base c:\Users\SoftICastle6\Desktop\gwa
167 verbose gentlyRm don't care about contents; nuking c:\Users\SoftICastle6\Desktop\gwa\node_modules\bcrypt\node_modules\bindings
168 silly gentlyRm c:\Users\SoftICastle6\Desktop\gwa\node_modules\bcrypt\node_modules\nan is being purged from base c:\Users\SoftICastle6\Desktop\gwa
169 verbose gentlyRm don't care about contents; nuking c:\Users\SoftICastle6\Desktop\gwa\node_modules\bcrypt\node_modules\nan
170 verbose tar unpack C:\Users\SoftICastle6\AppData\Roaming\npm-cache\bindings\1.2.1\package.tgz
171 verbose tar unpacking to c:\Users\SoftICastle6\Desktop\gwa\node_modules\bcrypt\node_modules\bindings
172 silly gentlyRm c:\Users\SoftICastle6\Desktop\gwa\node_modules\bcrypt\node_modules\bindings is being purged
173 verbose gentlyRm don't care about contents; nuking c:\Users\SoftICastle6\Desktop\gwa\node_modules\bcrypt\node_modules\bindings
174 verbose tar unpack C:\Users\SoftICastle6\AppData\Roaming\npm-cache\nan\2.0.5\package.tgz
175 verbose tar unpacking to c:\Users\SoftICastle6\Desktop\gwa\node_modules\bcrypt\node_modules\nan
176 silly gentlyRm c:\Users\SoftICastle6\Desktop\gwa\node_modules\bcrypt\node_modules\nan is being purged
177 verbose gentlyRm don't care about contents; nuking c:\Users\SoftICastle6\Desktop\gwa\node_modules\bcrypt\node_modules\nan
178 silly gunzTarPerm modes [ '777', '666' ]
179 silly gunzTarPerm modes [ '777', '666' ]
180 silly gunzTarPerm extractEntry package.json
181 silly gunzTarPerm modified mode [ 'package.json', 420, 438 ]
182 silly gunzTarPerm extractEntry README.md
183 silly gunzTarPerm modified mode [ 'README.md', 420, 438 ]
184 silly gunzTarPerm extractEntry bindings.js
185 silly gunzTarPerm modified mode [ 'bindings.js', 420, 438 ]
186 silly gunzTarPerm extractEntry package.json
187 silly gunzTarPerm modified mode [ 'package.json', 436, 438 ]
188 silly gunzTarPerm extractEntry README.md
189 silly gunzTarPerm modified mode [ 'README.md', 436, 438 ]
190 silly gunzTarPerm extractEntry include_dirs.js
191 silly gunzTarPerm modified mode [ 'include_dirs.js', 436, 438 ]
192 silly gunzTarPerm extractEntry nan_converters.h
193 silly gunzTarPerm modified mode [ 'nan_converters.h', 436, 438 ]
194 silly gunzTarPerm extractEntry LICENSE.md
195 silly gunzTarPerm modified mode [ 'LICENSE.md', 436, 438 ]
196 silly gunzTarPerm extractEntry .dntrc
197 silly gunzTarPerm modified mode [ '.dntrc', 436, 438 ]
198 silly gunzTarPerm extractEntry appveyor.yml
199 silly gunzTarPerm modified mode [ 'appveyor.yml', 436, 438 ]
200 silly gunzTarPerm extractEntry doc/new.md
201 silly gunzTarPerm modified mode [ 'doc/new.md', 436, 438 ]
202 silly gunzTarPerm extractEntry doc/.build.sh
203 silly gunzTarPerm modified mode [ 'doc/.build.sh', 509, 511 ]
204 verbose write writing to c:\Users\SoftICastle6\Desktop\gwa\node_modules\bcrypt\node_modules\bindings\package.json
205 silly gunzTarPerm extractEntry doc/buffers.md
206 silly gunzTarPerm modified mode [ 'doc/buffers.md', 436, 438 ]
207 silly gunzTarPerm extractEntry doc/callback.md
208 silly gunzTarPerm modified mode [ 'doc/callback.md', 436, 438 ]
209 info preinstall bindings@1.2.1
210 verbose readDependencies loading dependencies from c:\Users\SoftICastle6\Desktop\gwa\node_modules\bcrypt\node_modules\bindings\package.json
211 verbose readDependencies loading dependencies from c:\Users\SoftICastle6\Desktop\gwa\node_modules\bcrypt\node_modules\bindings\package.json
212 silly gunzTarPerm extractEntry doc/converters.md
213 silly gunzTarPerm modified mode [ 'doc/converters.md', 436, 438 ]
214 silly gunzTarPerm extractEntry doc/errors.md
215 silly gunzTarPerm modified mode [ 'doc/errors.md', 436, 438 ]
216 silly install resolved []
217 verbose about to build c:\Users\SoftICastle6\Desktop\gwa\node_modules\bcrypt\node_modules\bindings
218 info build c:\Users\SoftICastle6\Desktop\gwa\node_modules\bcrypt\node_modules\bindings
219 info linkStuff bindings@1.2.1
220 silly linkStuff bindings@1.2.1 has c:\Users\SoftICastle6\Desktop\gwa\node_modules\bcrypt\node_modules as its parent node_modules
221 verbose linkBins bindings@1.2.1
222 verbose linkMans bindings@1.2.1
223 verbose rebuildBundles bindings@1.2.1
224 silly gunzTarPerm extractEntry doc/maybe_types.md
225 silly gunzTarPerm modified mode [ 'doc/maybe_types.md', 436, 438 ]
226 silly gunzTarPerm extractEntry doc/methods.md
227 silly gunzTarPerm modified mode [ 'doc/methods.md', 436, 438 ]
228 info install bindings@1.2.1
229 info postinstall bindings@1.2.1
230 verbose unlock done using C:\Users\SoftICastle6\AppData\Roaming\npm-cache\_locks\bindings-2af514093c2ee3c1.lock for c:\Users\SoftICastle6\Desktop\gwa\node_modules\bcrypt\node_modules\bindings
231 silly gunzTarPerm extractEntry doc/asyncworker.md
232 silly gunzTarPerm modified mode [ 'doc/asyncworker.md', 436, 438 ]
233 silly gunzTarPerm extractEntry doc/node_misc.md
234 silly gunzTarPerm modified mode [ 'doc/node_misc.md', 436, 438 ]
235 silly gunzTarPerm extractEntry doc/persistent.md
236 silly gunzTarPerm modified mode [ 'doc/persistent.md', 436, 438 ]
237 silly gunzTarPerm extractEntry doc/scopes.md
238 silly gunzTarPerm modified mode [ 'doc/scopes.md', 436, 438 ]
239 silly gunzTarPerm extractEntry doc/script.md
240 silly gunzTarPerm modified mode [ 'doc/script.md', 436, 438 ]
241 silly gunzTarPerm extractEntry doc/string_bytes.md
242 silly gunzTarPerm modified mode [ 'doc/string_bytes.md', 436, 438 ]
243 silly gunzTarPerm extractEntry doc/v8_internals.md
244 silly gunzTarPerm modified mode [ 'doc/v8_internals.md', 436, 438 ]
245 silly gunzTarPerm extractEntry doc/v8_misc.md
246 silly gunzTarPerm modified mode [ 'doc/v8_misc.md', 436, 438 ]
247 silly gunzTarPerm extractEntry nan.h
248 silly gunzTarPerm modified mode [ 'nan.h', 436, 438 ]
249 silly gunzTarPerm extractEntry nan_callbacks.h
250 silly gunzTarPerm modified mode [ 'nan_callbacks.h', 436, 438 ]
251 silly gunzTarPerm extractEntry nan_callbacks_12_inl.h
252 silly gunzTarPerm modified mode [ 'nan_callbacks_12_inl.h', 436, 438 ]
253 silly gunzTarPerm extractEntry nan_callbacks_pre_12_inl.h
254 silly gunzTarPerm modified mode [ 'nan_callbacks_pre_12_inl.h', 436, 438 ]
255 silly gunzTarPerm extractEntry nan_converters_43_inl.h
256 silly gunzTarPerm modified mode [ 'nan_converters_43_inl.h', 436, 438 ]
257 silly gunzTarPerm extractEntry nan_converters_pre_43_inl.h
258 silly gunzTarPerm modified mode [ 'nan_converters_pre_43_inl.h', 436, 438 ]
259 silly gunzTarPerm extractEntry nan_implementation_12_inl.h
260 silly gunzTarPerm modified mode [ 'nan_implementation_12_inl.h', 436, 438 ]
261 silly gunzTarPerm extractEntry nan_implementation_pre_12_inl.h
262 silly gunzTarPerm modified mode [ 'nan_implementation_pre_12_inl.h', 436, 438 ]
263 silly gunzTarPerm extractEntry nan_maybe_43_inl.h
264 silly gunzTarPerm modified mode [ 'nan_maybe_43_inl.h', 436, 438 ]
265 silly gunzTarPerm extractEntry nan_maybe_pre_43_inl.h
266 silly gunzTarPerm modified mode [ 'nan_maybe_pre_43_inl.h', 436, 438 ]
267 silly gunzTarPerm extractEntry nan_new.h
268 silly gunzTarPerm modified mode [ 'nan_new.h', 436, 438 ]
269 silly gunzTarPerm extractEntry nan_object_wrap.h
270 silly gunzTarPerm modified mode [ 'nan_object_wrap.h', 436, 438 ]
271 silly gunzTarPerm extractEntry nan_persistent_12_inl.h
272 silly gunzTarPerm modified mode [ 'nan_persistent_12_inl.h', 436, 438 ]
273 silly gunzTarPerm extractEntry nan_persistent_pre_12_inl.h
274 silly gunzTarPerm modified mode [ 'nan_persistent_pre_12_inl.h', 436, 438 ]
275 silly gunzTarPerm extractEntry nan_string_bytes.h
276 silly gunzTarPerm modified mode [ 'nan_string_bytes.h', 436, 438 ]
277 silly gunzTarPerm extractEntry nan_weak.h
278 silly gunzTarPerm modified mode [ 'nan_weak.h', 436, 438 ]
279 silly gunzTarPerm extractEntry CHANGELOG.md
280 silly gunzTarPerm modified mode [ 'CHANGELOG.md', 436, 438 ]
281 silly gunzTarPerm extractEntry tools/package.json
282 silly gunzTarPerm modified mode [ 'tools/package.json', 436, 438 ]
283 silly gunzTarPerm extractEntry tools/README.md
284 silly gunzTarPerm modified mode [ 'tools/README.md', 436, 438 ]
285 silly gunzTarPerm extractEntry tools/1to2.js
286 silly gunzTarPerm modified mode [ 'tools/1to2.js', 509, 511 ]
287 verbose write writing to c:\Users\SoftICastle6\Desktop\gwa\node_modules\bcrypt\node_modules\nan\package.json
288 info preinstall nan@2.0.5
289 verbose readDependencies loading dependencies from c:\Users\SoftICastle6\Desktop\gwa\node_modules\bcrypt\node_modules\nan\package.json
290 verbose readDependencies loading dependencies from c:\Users\SoftICastle6\Desktop\gwa\node_modules\bcrypt\node_modules\nan\package.json
291 silly install resolved []
292 verbose about to build c:\Users\SoftICastle6\Desktop\gwa\node_modules\bcrypt\node_modules\nan
293 info build c:\Users\SoftICastle6\Desktop\gwa\node_modules\bcrypt\node_modules\nan
294 info linkStuff nan@2.0.5
295 silly linkStuff nan@2.0.5 has c:\Users\SoftICastle6\Desktop\gwa\node_modules\bcrypt\node_modules as its parent node_modules
296 verbose linkBins nan@2.0.5
297 verbose linkMans nan@2.0.5
298 verbose rebuildBundles nan@2.0.5
299 info install nan@2.0.5
300 info postinstall nan@2.0.5
301 verbose unlock done using C:\Users\SoftICastle6\AppData\Roaming\npm-cache\_locks\nan-7c161f093ec13e7f.lock for c:\Users\SoftICastle6\Desktop\gwa\node_modules\bcrypt\node_modules\nan
302 verbose about to build c:\Users\SoftICastle6\Desktop\gwa\node_modules\bcrypt
303 info build c:\Users\SoftICastle6\Desktop\gwa\node_modules\bcrypt
304 info linkStuff bcrypt@0.8.5
305 silly linkStuff bcrypt@0.8.5 has c:\Users\SoftICastle6\Desktop\gwa\node_modules as its parent node_modules
306 verbose linkBins bcrypt@0.8.5
307 verbose linkMans bcrypt@0.8.5
308 verbose rebuildBundles bcrypt@0.8.5
309 verbose rebuildBundles [ 'bindings', 'nan' ]
310 info install bcrypt@0.8.5
311 verbose unsafe-perm in lifecycle true
312 info bcrypt@0.8.5 Failed to exec install script
313 verbose unlock done using C:\Users\SoftICastle6\AppData\Roaming\npm-cache\_locks\bcrypt-f321242a9f18c2c1.lock for c:\Users\SoftICastle6\Desktop\gwa\node_modules\bcrypt
314 verbose stack Error: bcrypt@0.8.5 install: `node-gyp rebuild`
314 verbose stack Exit status 1
314 verbose stack     at EventEmitter.<anonymous> (c:\Program Files\nodejs\node_modules\npm\lib\utils\lifecycle.js:214:16)
314 verbose stack     at emitTwo (events.js:87:13)
314 verbose stack     at EventEmitter.emit (events.js:172:7)
314 verbose stack     at ChildProcess.<anonymous> (c:\Program Files\nodejs\node_modules\npm\lib\utils\spawn.js:24:14)
314 verbose stack     at emitTwo (events.js:87:13)
314 verbose stack     at ChildProcess.emit (events.js:172:7)
314 verbose stack     at maybeClose (internal/child_process.js:817:16)
314 verbose stack     at Process.ChildProcess._handle.onexit (internal/child_process.js:211:5)
315 verbose pkgid bcrypt@0.8.5
316 verbose cwd c:\Users\SoftICastle6\Desktop\gwa
317 error Windows_NT 10.0.10240
318 error argv "c:\\Program Files\\nodejs\\node.exe" "c:\\Program Files\\nodejs\\node_modules\\npm\\bin\\npm-cli.js" "i" "bcrypt"
319 error node v4.1.1
320 error npm  v2.14.4
321 error code ELIFECYCLE
322 error bcrypt@0.8.5 install: `node-gyp rebuild`
322 error Exit status 1
323 error Failed at the bcrypt@0.8.5 install script 'node-gyp rebuild'.
323 error This is most likely a problem with the bcrypt package,
323 error not with npm itself.
323 error Tell the author that this fails on your system:
323 error     node-gyp rebuild
323 error You can get their info via:
323 error     npm owner ls bcrypt
323 error There is likely additional logging output above.
324 verbose exit [ 1, true ]
325 verbose unbuild node_modules\bcrypt
326 info preuninstall bcrypt@0.8.5
327 info uninstall bcrypt@0.8.5
328 verbose unbuild rmStuff bcrypt@0.8.5 from c:\Users\SoftICastle6\Desktop\gwa\node_modules
329 info postuninstall bcrypt@0.8.5
330 silly gentlyRm c:\Users\SoftICastle6\Desktop\gwa\node_modules\bcrypt is being purged from base c:\Users\SoftICastle6\Desktop\gwa
331 verbose gentlyRm don't care about contents; nuking c:\Users\SoftICastle6\Desktop\gwa\node_modules\bcrypt
332 silly vacuum-fs purging c:\Users\SoftICastle6\Desktop\gwa\node_modules\bcrypt
333 silly vacuum-fs quitting because other entries in c:\Users\SoftICastle6\Desktop\gwa\node_modules
